     Site: SH-zhaoyy01
     Build name: Win32-MSBuild
  Determine Nightly Start Time
     Specified time: 00:00:00 EDT
  Create new tag: 20180919-0400 - Nightly
     Updating the repository: D:/git/CMakeTutorial/src
  Cannot find UpdateCommand  configuration key.
  Configure project
     Each . represents 1024 bytes of output
      . Size of output: 0K
  Build project
     Each symbol represents 1024 bytes of output.
     '!' represents an error and '*' a warning.
      .... Size of output: 3K
     0 Compiler errors
     0 Compiler warnings
  Performing coverage
   Cannot find any coverage files. Ignoring Coverage request.
  Memory check project D:/git/CMakeTutorial/build
  Memory checker (MemoryCheckCommand) not set, or cannot find the specified program.
  Submit files (using http)
     Using HTTP submit method
     Drop site:http://
     Submit failed, waiting 5 seconds...
     Retry submission: Attempt 1 of 3
     Submit failed, waiting 5 seconds...
     Retry submission: Attempt 2 of 3
     Submit failed, waiting 5 seconds...
     Retry submission: Attempt 3 of 3
     Error when uploading file: D:/git/CMakeTutorial/build/Testing/20180919-0400/Build.xml
     Error message was: Bad URL
     Problems when submitting via HTTP
  Errors while running CTest
C:\Program Files (x86)\Microsoft Visual Studio\2017\Community\Common7\IDE\VC\VCTargets\Microsoft.CppCommon.targets(209,5): error MSB6006: “cmd.exe”已退出，代码为 81。
